2017-02-13 14:25:56.370 ERROR [main] [ContextLoader.java:358] - Context initialization failed 
java.lang.NoClassDefFoundError: BaseInfoForStatementDO
	at java.lang.Class.getDeclaredMethods0(Native Method)
	at java.lang.Class.privateGetDeclaredMethods(Class.java:2531)
	at java.lang.Class.getDeclaredMethods(Class.java:1855)
	at org.springframework.util.ReflectionUtils.getDeclaredMethods(ReflectionUtils.java:606)
	at org.springframework.util.ReflectionUtils.doWithMethods(ReflectionUtils.java:518)
	at org.springframework.util.ReflectionUtils.doWithMethods(ReflectionUtils.java:504)
	at org.springframework.beans.factory.annotation.AutowiredAnnotationBeanPostProcessor.determineCandidateConstructors(AutowiredAnnotationBeanPostProcessor.java:241)
	at org.springframework.beans.factory.support.AbstractAutowireCapableBeanFactory.determineConstructorsFromBeanPostProcessors(AbstractAutowireCapableBeanFactory.java:1069)
	at org.springframework.beans.factory.support.AbstractAutowireCapableBeanFactory.createBeanInstance(AbstractAutowireCapableBeanFactory.java:1042)
	at org.springframework.beans.factory.support.AbstractAutowireCapableBeanFactory.doCreateBean(AbstractAutowireCapableBeanFactory.java:510)
	at org.springframework.beans.factory.support.AbstractAutowireCapableBeanFactory.createBean(AbstractAutowireCapableBeanFactory.java:482)
	at org.springframework.beans.factory.support.AbstractBeanFactory$1.getObject(AbstractBeanFactory.java:305)
	at org.springframework.beans.factory.support.DefaultSingletonBeanRegistry.getSingleton(DefaultSingletonBeanRegistry.java:230)
	at org.springframework.beans.factory.support.AbstractBeanFactory.doGetBean(AbstractBeanFactory.java:301)
	at org.springframework.beans.factory.support.AbstractBeanFactory.getBean(AbstractBeanFactory.java:196)
	at org.springframework.beans.factory.support.DefaultListableBeanFactory.preInstantiateSingletons(DefaultListableBeanFactory.java:772)
	at org.springframework.context.support.AbstractApplicationContext.finishBeanFactoryInitialization(AbstractApplicationContext.java:834)
	at org.springframework.context.support.AbstractApplicationContext.refresh(AbstractApplicationContext.java:537)
	at org.springframework.web.context.ContextLoader.configureAndRefreshWebApplicationContext(ContextLoader.java:446)
	at org.springframework.web.context.ContextLoader.initWebApplicationContext(ContextLoader.java:328)
	at org.springframework.web.context.ContextLoaderListener.contextInitialized(ContextLoaderListener.java:107)
	at org.eclipse.jetty.server.handler.ContextHandler.callContextInitialized(ContextHandler.java:800)
	at org.eclipse.jetty.servlet.ServletContextHandler.callContextInitialized(ServletContextHandler.java:444)
	at org.eclipse.jetty.server.handler.ContextHandler.startContext(ContextHandler.java:791)
	at org.eclipse.jetty.servlet.ServletContextHandler.startContext(ServletContextHandler.java:294)
	at org.eclipse.jetty.webapp.WebAppContext.startWebapp(WebAppContext.java:1349)
	at org.eclipse.jetty.maven.plugin.JettyWebAppContext.startWebapp(JettyWebAppContext.java:297)
	at org.eclipse.jetty.webapp.WebAppContext.startContext(WebAppContext.java:1342)
	at org.eclipse.jetty.server.handler.ContextHandler.doStart(ContextHandler.java:741)
	at org.eclipse.jetty.webapp.WebAppContext.doStart(WebAppContext.java:505)
	at org.eclipse.jetty.maven.plugin.JettyWebAppContext.doStart(JettyWebAppContext.java:366)
	at org.eclipse.jetty.util.component.AbstractLifeCycle.start(AbstractLifeCycle.java:68)
	at org.eclipse.jetty.util.component.ContainerLifeCycle.start(ContainerLifeCycle.java:132)
	at org.eclipse.jetty.util.component.ContainerLifeCycle.doStart(ContainerLifeCycle.java:114)
	at org.eclipse.jetty.server.handler.AbstractHandler.doStart(AbstractHandler.java:61)
	at org.eclipse.jetty.server.handler.ContextHandlerCollection.doStart(ContextHandlerCollection.java:163)
	at org.eclipse.jetty.util.component.AbstractLifeCycle.start(AbstractLifeCycle.java:68)
	at org.eclipse.jetty.util.component.ContainerLifeCycle.start(ContainerLifeCycle.java:132)
	at org.eclipse.jetty.util.component.ContainerLifeCycle.doStart(ContainerLifeCycle.java:114)
	at org.eclipse.jetty.server.handler.AbstractHandler.doStart(AbstractHandler.java:61)
	at org.eclipse.jetty.util.component.AbstractLifeCycle.start(AbstractLifeCycle.java:68)
	at org.eclipse.jetty.util.component.ContainerLifeCycle.start(ContainerLifeCycle.java:132)
	at org.eclipse.jetty.server.Server.start(Server.java:387)
	at org.eclipse.jetty.util.component.ContainerLifeCycle.doStart(ContainerLifeCycle.java:114)
	at org.eclipse.jetty.server.handler.AbstractHandler.doStart(AbstractHandler.java:61)
	at org.eclipse.jetty.server.Server.doStart(Server.java:354)
	at org.eclipse.jetty.maven.plugin.JettyServer.doStart(JettyServer.java:73)
	at org.eclipse.jetty.util.component.AbstractLifeCycle.start(AbstractLifeCycle.java:68)
	at org.eclipse.jetty.maven.plugin.AbstractJettyMojo.startJetty(AbstractJettyMojo.java:535)
	at org.eclipse.jetty.maven.plugin.AbstractJettyMojo.execute(AbstractJettyMojo.java:358)
	at org.eclipse.jetty.maven.plugin.JettyRunMojo.execute(JettyRunMojo.java:167)
	at org.apache.maven.plugin.DefaultBuildPluginManager.executeMojo(DefaultBuildPluginManager.java:133)
	at org.apache.maven.lifecycle.internal.MojoExecutor.execute(MojoExecutor.java:208)
	at org.apache.maven.lifecycle.internal.MojoExecutor.execute(MojoExecutor.java:153)
	at org.apache.maven.lifecycle.internal.MojoExecutor.execute(MojoExecutor.java:145)
	at org.apache.maven.lifecycle.internal.LifecycleModuleBuilder.buildProject(LifecycleModuleBuilder.java:108)
	at org.apache.maven.lifecycle.internal.LifecycleModuleBuilder.buildProject(LifecycleModuleBuilder.java:76)
	at org.apache.maven.lifecycle.internal.builder.singlethreaded.SingleThreadedBuilder.build(SingleThreadedBuilder.java:51)
	at org.apache.maven.lifecycle.internal.LifecycleStarter.execute(LifecycleStarter.java:116)
	at org.apache.maven.DefaultMaven.doExecute(DefaultMaven.java:361)
	at org.apache.maven.DefaultMaven.execute(DefaultMaven.java:155)
	at org.apache.maven.cli.MavenCli.execute(MavenCli.java:584)
	at org.apache.maven.cli.MavenCli.doMain(MavenCli.java:213)
	at org.apache.maven.cli.MavenCli.main(MavenCli.java:157)
	at sun.reflect.NativeMethodAccessorImpl.invoke0(Native Method)
	at sun.reflect.NativeMethodAccessorImpl.invoke(NativeMethodAccessorImpl.java:57)
	at sun.reflect.DelegatingMethodAccessorImpl.invoke(DelegatingMethodAccessorImpl.java:43)
	at java.lang.reflect.Method.invoke(Method.java:606)
	at org.codehaus.plexus.classworlds.launcher.Launcher.launchEnhanced(Launcher.java:289)
	at org.codehaus.plexus.classworlds.launcher.Launcher.launch(Launcher.java:229)
	at org.codehaus.plexus.classworlds.launcher.Launcher.mainWithExitCode(Launcher.java:415)
	at org.codehaus.plexus.classworlds.launcher.Launcher.main(Launcher.java:356)
Caused by: java.lang.ClassNotFoundException: BaseInfoForStatementDO
	at org.codehaus.plexus.classworlds.strategy.SelfFirstStrategy.loadClass(SelfFirstStrategy.java:50)
	at org.codehaus.plexus.classworlds.realm.ClassRealm.unsynchronizedLoadClass(ClassRealm.java:259)
	at org.codehaus.plexus.classworlds.realm.ClassRealm.loadClass(ClassRealm.java:235)
	at org.codehaus.plexus.classworlds.realm.ClassRealm.loadClass(ClassRealm.java:227)
	at org.eclipse.jetty.webapp.WebAppClassLoader.loadClass(WebAppClassLoader.java:450)
	at org.eclipse.jetty.webapp.WebAppClassLoader.loadClass(WebAppClassLoader.java:403)
	... 72 common frames omitted
2017-02-13 14:25:56.370 ERROR [main] [ContextLoader.java:358] - Context initialization failed 
java.lang.NoClassDefFoundError: BaseInfoForStatementDO
	at java.lang.Class.getDeclaredMethods0(Native Method)
	at java.lang.Class.privateGetDeclaredMethods(Class.java:2531)
	at java.lang.Class.getDeclaredMethods(Class.java:1855)
	at org.springframework.util.ReflectionUtils.getDeclaredMethods(ReflectionUtils.java:606)
	at org.springframework.util.ReflectionUtils.doWithMethods(ReflectionUtils.java:518)
	at org.springframework.util.ReflectionUtils.doWithMethods(ReflectionUtils.java:504)
	at org.springframework.beans.factory.annotation.AutowiredAnnotationBeanPostProcessor.determineCandidateConstructors(AutowiredAnnotationBeanPostProcessor.java:241)
	at org.springframework.beans.factory.support.AbstractAutowireCapableBeanFactory.determineConstructorsFromBeanPostProcessors(AbstractAutowireCapableBeanFactory.java:1069)
	at org.springframework.beans.factory.support.AbstractAutowireCapableBeanFactory.createBeanInstance(AbstractAutowireCapableBeanFactory.java:1042)
	at org.springframework.beans.factory.support.AbstractAutowireCapableBeanFactory.doCreateBean(AbstractAutowireCapableBeanFactory.java:510)
	at org.springframework.beans.factory.support.AbstractAutowireCapableBeanFactory.createBean(AbstractAutowireCapableBeanFactory.java:482)
	at org.springframework.beans.factory.support.AbstractBeanFactory$1.getObject(AbstractBeanFactory.java:305)
	at org.springframework.beans.factory.support.DefaultSingletonBeanRegistry.getSingleton(DefaultSingletonBeanRegistry.java:230)
	at org.springframework.beans.factory.support.AbstractBeanFactory.doGetBean(AbstractBeanFactory.java:301)
	at org.springframework.beans.factory.support.AbstractBeanFactory.getBean(AbstractBeanFactory.java:196)
	at org.springframework.beans.factory.support.DefaultListableBeanFactory.preInstantiateSingletons(DefaultListableBeanFactory.java:772)
	at org.springframework.context.support.AbstractApplicationContext.finishBeanFactoryInitialization(AbstractApplicationContext.java:834)
	at org.springframework.context.support.AbstractApplicationContext.refresh(AbstractApplicationContext.java:537)
	at org.springframework.web.context.ContextLoader.configureAndRefreshWebApplicationContext(ContextLoader.java:446)
	at org.springframework.web.context.ContextLoader.initWebApplicationContext(ContextLoader.java:328)
	at org.springframework.web.context.ContextLoaderListener.contextInitialized(ContextLoaderListener.java:107)
	at org.eclipse.jetty.server.handler.ContextHandler.callContextInitialized(ContextHandler.java:800)
	at org.eclipse.jetty.servlet.ServletContextHandler.callContextInitialized(ServletContextHandler.java:444)
	at org.eclipse.jetty.server.handler.ContextHandler.startContext(ContextHandler.java:791)
	at org.eclipse.jetty.servlet.ServletContextHandler.startContext(ServletContextHandler.java:294)
	at org.eclipse.jetty.webapp.WebAppContext.startWebapp(WebAppContext.java:1349)
	at org.eclipse.jetty.maven.plugin.JettyWebAppContext.startWebapp(JettyWebAppContext.java:297)
	at org.eclipse.jetty.webapp.WebAppContext.startContext(WebAppContext.java:1342)
	at org.eclipse.jetty.server.handler.ContextHandler.doStart(ContextHandler.java:741)
	at org.eclipse.jetty.webapp.WebAppContext.doStart(WebAppContext.java:505)
	at org.eclipse.jetty.maven.plugin.JettyWebAppContext.doStart(JettyWebAppContext.java:366)
	at org.eclipse.jetty.util.component.AbstractLifeCycle.start(AbstractLifeCycle.java:68)
	at org.eclipse.jetty.util.component.ContainerLifeCycle.start(ContainerLifeCycle.java:132)
	at org.eclipse.jetty.util.component.ContainerLifeCycle.doStart(ContainerLifeCycle.java:114)
	at org.eclipse.jetty.server.handler.AbstractHandler.doStart(AbstractHandler.java:61)
	at org.eclipse.jetty.server.handler.ContextHandlerCollection.doStart(ContextHandlerCollection.java:163)
	at org.eclipse.jetty.util.component.AbstractLifeCycle.start(AbstractLifeCycle.java:68)
	at org.eclipse.jetty.util.component.ContainerLifeCycle.start(ContainerLifeCycle.java:132)
	at org.eclipse.jetty.util.component.ContainerLifeCycle.doStart(ContainerLifeCycle.java:114)
	at org.eclipse.jetty.server.handler.AbstractHandler.doStart(AbstractHandler.java:61)
	at org.eclipse.jetty.util.component.AbstractLifeCycle.start(AbstractLifeCycle.java:68)
	at org.eclipse.jetty.util.component.ContainerLifeCycle.start(ContainerLifeCycle.java:132)
	at org.eclipse.jetty.server.Server.start(Server.java:387)
	at org.eclipse.jetty.util.component.ContainerLifeCycle.doStart(ContainerLifeCycle.java:114)
	at org.eclipse.jetty.server.handler.AbstractHandler.doStart(AbstractHandler.java:61)
	at org.eclipse.jetty.server.Server.doStart(Server.java:354)
	at org.eclipse.jetty.maven.plugin.JettyServer.doStart(JettyServer.java:73)
	at org.eclipse.jetty.util.component.AbstractLifeCycle.start(AbstractLifeCycle.java:68)
	at org.eclipse.jetty.maven.plugin.AbstractJettyMojo.startJetty(AbstractJettyMojo.java:535)
	at org.eclipse.jetty.maven.plugin.AbstractJettyMojo.execute(AbstractJettyMojo.java:358)
	at org.eclipse.jetty.maven.plugin.JettyRunMojo.execute(JettyRunMojo.java:167)
	at org.apache.maven.plugin.DefaultBuildPluginManager.executeMojo(DefaultBuildPluginManager.java:133)
	at org.apache.maven.lifecycle.internal.MojoExecutor.execute(MojoExecutor.java:208)
	at org.apache.maven.lifecycle.internal.MojoExecutor.execute(MojoExecutor.java:153)
	at org.apache.maven.lifecycle.internal.MojoExecutor.execute(MojoExecutor.java:145)
	at org.apache.maven.lifecycle.internal.LifecycleModuleBuilder.buildProject(LifecycleModuleBuilder.java:108)
	at org.apache.maven.lifecycle.internal.LifecycleModuleBuilder.buildProject(LifecycleModuleBuilder.java:76)
	at org.apache.maven.lifecycle.internal.builder.singlethreaded.SingleThreadedBuilder.build(SingleThreadedBuilder.java:51)
	at org.apache.maven.lifecycle.internal.LifecycleStarter.execute(LifecycleStarter.java:116)
	at org.apache.maven.DefaultMaven.doExecute(DefaultMaven.java:361)
	at org.apache.maven.DefaultMaven.execute(DefaultMaven.java:155)
	at org.apache.maven.cli.MavenCli.execute(MavenCli.java:584)
	at org.apache.maven.cli.MavenCli.doMain(MavenCli.java:213)
	at org.apache.maven.cli.MavenCli.main(MavenCli.java:157)
	at sun.reflect.NativeMethodAccessorImpl.invoke0(Native Method)
	at sun.reflect.NativeMethodAccessorImpl.invoke(NativeMethodAccessorImpl.java:57)
	at sun.reflect.DelegatingMethodAccessorImpl.invoke(DelegatingMethodAccessorImpl.java:43)
	at java.lang.reflect.Method.invoke(Method.java:606)
	at org.codehaus.plexus.classworlds.launcher.Launcher.launchEnhanced(Launcher.java:289)
	at org.codehaus.plexus.classworlds.launcher.Launcher.launch(Launcher.java:229)
	at org.codehaus.plexus.classworlds.launcher.Launcher.mainWithExitCode(Launcher.java:415)
	at org.codehaus.plexus.classworlds.launcher.Launcher.main(Launcher.java:356)
Caused by: java.lang.ClassNotFoundException: BaseInfoForStatementDO
	at org.codehaus.plexus.classworlds.strategy.SelfFirstStrategy.loadClass(SelfFirstStrategy.java:50)
	at org.codehaus.plexus.classworlds.realm.ClassRealm.unsynchronizedLoadClass(ClassRealm.java:259)
	at org.codehaus.plexus.classworlds.realm.ClassRealm.loadClass(ClassRealm.java:235)
	at org.codehaus.plexus.classworlds.realm.ClassRealm.loadClass(ClassRealm.java:227)
	at org.eclipse.jetty.webapp.WebAppClassLoader.loadClass(WebAppClassLoader.java:450)
	at org.eclipse.jetty.webapp.WebAppClassLoader.loadClass(WebAppClassLoader.java:403)
	... 72 common frames omitted
2017-02-13 14:59:55.344 ERROR [TBScheduleManagerFactory-initialThread] [ScheduleDataManager4ZK.java:48] - 请注意，Zookeeper服务器时间与本地时间相差 ： 10695 ms 
2017-02-13 14:59:57.970 ERROR [TBScheduleManagerFactory-Timer] [TBScheduleManagerFactory.java:154] - strategy 获取对应的java or bean 出错,schedule并没有加载该任务,请确认confirmAfterDiscountChildTask 
org.springframework.beans.factory.NoSuchBeanDefinitionException: No bean named 'confirmAfterDiscountChildTask' is defined
	at org.springframework.beans.factory.support.DefaultListableBeanFactory.getBeanDefinition(DefaultListableBeanFactory.java:698)
	at org.springframework.beans.factory.support.AbstractBeanFactory.getMergedLocalBeanDefinition(AbstractBeanFactory.java:1174)
	at org.springframework.beans.factory.support.AbstractBeanFactory.doGetBean(AbstractBeanFactory.java:283)
	at org.springframework.beans.factory.support.AbstractBeanFactory.getBean(AbstractBeanFactory.java:196)
	at org.springframework.context.support.AbstractApplicationContext.getBean(AbstractApplicationContext.java:1045)
	at com.taobao.pamirs.schedule.strategy.TBScheduleManagerFactory.getBean(TBScheduleManagerFactory.java:386)
	at com.taobao.pamirs.schedule.taskmanager.TBScheduleManager.<init>(TBScheduleManager.java:113)
	at com.taobao.pamirs.schedule.taskmanager.TBScheduleManagerStatic.<init>(TBScheduleManagerStatic.java:23)
	at com.taobao.pamirs.schedule.strategy.TBScheduleManagerFactory.createStrategyTask(TBScheduleManagerFactory.java:145)
	at com.taobao.pamirs.schedule.strategy.TBScheduleManagerFactory.reRunScheduleServer(TBScheduleManagerFactory.java:254)
	at com.taobao.pamirs.schedule.strategy.TBScheduleManagerFactory.reRegisterManagerFactory(TBScheduleManagerFactory.java:196)
	at com.taobao.pamirs.schedule.strategy.TBScheduleManagerFactory.refresh(TBScheduleManagerFactory.java:183)
	at com.taobao.pamirs.schedule.strategy.ManagerFactoryTimerTask.run(TBScheduleManagerFactory.java:444)
	at java.util.TimerThread.mainLoop(Timer.java:555)
	at java.util.TimerThread.run(Timer.java:505)
2017-02-13 14:59:57.971 ERROR [TBScheduleManagerFactory-Timer] [TBScheduleManagerFactory.java:256] - strategy 对应的配置有问题。strategy name=confirmAfterDiscountChildTask 
2017-02-13 14:59:57.975 ERROR [TBScheduleManagerFactory-Timer] [TBScheduleManagerFactory.java:154] - strategy 获取对应的java or bean 出错,schedule并没有加载该任务,请确认confirmAfterDiscountChildTask 
org.springframework.beans.factory.NoSuchBeanDefinitionException: No bean named 'confirmAfterDiscountChildTask' is defined
	at org.springframework.beans.factory.support.DefaultListableBeanFactory.getBeanDefinition(DefaultListableBeanFactory.java:698)
	at org.springframework.beans.factory.support.AbstractBeanFactory.getMergedLocalBeanDefinition(AbstractBeanFactory.java:1174)
	at org.springframework.beans.factory.support.AbstractBeanFactory.doGetBean(AbstractBeanFactory.java:283)
	at org.springframework.beans.factory.support.AbstractBeanFactory.getBean(AbstractBeanFactory.java:196)
	at org.springframework.context.support.AbstractApplicationContext.getBean(AbstractApplicationContext.java:1045)
	at com.taobao.pamirs.schedule.strategy.TBScheduleManagerFactory.getBean(TBScheduleManagerFactory.java:386)
	at com.taobao.pamirs.schedule.taskmanager.TBScheduleManager.<init>(TBScheduleManager.java:113)
	at com.taobao.pamirs.schedule.taskmanager.TBScheduleManagerStatic.<init>(TBScheduleManagerStatic.java:23)
	at com.taobao.pamirs.schedule.strategy.TBScheduleManagerFactory.createStrategyTask(TBScheduleManagerFactory.java:145)
	at com.taobao.pamirs.schedule.strategy.TBScheduleManagerFactory.reRunScheduleServer(TBScheduleManagerFactory.java:254)
	at com.taobao.pamirs.schedule.strategy.TBScheduleManagerFactory.reRegisterManagerFactory(TBScheduleManagerFactory.java:196)
	at com.taobao.pamirs.schedule.strategy.TBScheduleManagerFactory.refresh(TBScheduleManagerFactory.java:183)
	at com.taobao.pamirs.schedule.strategy.ManagerFactoryTimerTask.run(TBScheduleManagerFactory.java:444)
	at java.util.TimerThread.mainLoop(Timer.java:555)
	at java.util.TimerThread.run(Timer.java:505)
2017-02-13 14:59:57.975 ERROR [TBScheduleManagerFactory-Timer] [TBScheduleManagerFactory.java:256] - strategy 对应的配置有问题。strategy name=confirmAfterDiscountChildTask 
2017-02-13 14:59:57.984 ERROR [TBScheduleManagerFactory-Timer] [TBScheduleManagerFactory.java:154] - strategy 获取对应的java or bean 出错,schedule并没有加载该任务,请确认confrimPartnerBillTask 
org.springframework.beans.factory.NoSuchBeanDefinitionException: No bean named 'confrimPartnerBillTask' is defined
	at org.springframework.beans.factory.support.DefaultListableBeanFactory.getBeanDefinition(DefaultListableBeanFactory.java:698)
	at org.springframework.beans.factory.support.AbstractBeanFactory.getMergedLocalBeanDefinition(AbstractBeanFactory.java:1174)
	at org.springframework.beans.factory.support.AbstractBeanFactory.doGetBean(AbstractBeanFactory.java:283)
	at org.springframework.beans.factory.support.AbstractBeanFactory.getBean(AbstractBeanFactory.java:196)
	at org.springframework.context.support.AbstractApplicationContext.getBean(AbstractApplicationContext.java:1045)
	at com.taobao.pamirs.schedule.strategy.TBScheduleManagerFactory.getBean(TBScheduleManagerFactory.java:386)
	at com.taobao.pamirs.schedule.taskmanager.TBScheduleManager.<init>(TBScheduleManager.java:113)
	at com.taobao.pamirs.schedule.taskmanager.TBScheduleManagerStatic.<init>(TBScheduleManagerStatic.java:23)
	at com.taobao.pamirs.schedule.strategy.TBScheduleManagerFactory.createStrategyTask(TBScheduleManagerFactory.java:145)
	at com.taobao.pamirs.schedule.strategy.TBScheduleManagerFactory.reRunScheduleServer(TBScheduleManagerFactory.java:254)
	at com.taobao.pamirs.schedule.strategy.TBScheduleManagerFactory.reRegisterManagerFactory(TBScheduleManagerFactory.java:196)
	at com.taobao.pamirs.schedule.strategy.TBScheduleManagerFactory.refresh(TBScheduleManagerFactory.java:183)
	at com.taobao.pamirs.schedule.strategy.ManagerFactoryTimerTask.run(TBScheduleManagerFactory.java:444)
	at java.util.TimerThread.mainLoop(Timer.java:555)
	at java.util.TimerThread.run(Timer.java:505)
2017-02-13 14:59:57.985 ERROR [TBScheduleManagerFactory-Timer] [TBScheduleManagerFactory.java:256] - strategy 对应的配置有问题。strategy name=confrimPartnerBillTask 
2017-02-13 14:59:57.992 ERROR [TBScheduleManagerFactory-Timer] [TBScheduleManagerFactory.java:154] - strategy 获取对应的java or bean 出错,schedule并没有加载该任务,请确认createDiscountBillTask 
org.springframework.beans.factory.NoSuchBeanDefinitionException: No bean named 'createDiscountBillTask' is defined
	at org.springframework.beans.factory.support.DefaultListableBeanFactory.getBeanDefinition(DefaultListableBeanFactory.java:698)
	at org.springframework.beans.factory.support.AbstractBeanFactory.getMergedLocalBeanDefinition(AbstractBeanFactory.java:1174)
	at org.springframework.beans.factory.support.AbstractBeanFactory.doGetBean(AbstractBeanFactory.java:283)
	at org.springframework.beans.factory.support.AbstractBeanFactory.getBean(AbstractBeanFactory.java:196)
	at org.springframework.context.support.AbstractApplicationContext.getBean(AbstractApplicationContext.java:1045)
	at com.taobao.pamirs.schedule.strategy.TBScheduleManagerFactory.getBean(TBScheduleManagerFactory.java:386)
	at com.taobao.pamirs.schedule.taskmanager.TBScheduleManager.<init>(TBScheduleManager.java:113)
	at com.taobao.pamirs.schedule.taskmanager.TBScheduleManagerStatic.<init>(TBScheduleManagerStatic.java:23)
	at com.taobao.pamirs.schedule.strategy.TBScheduleManagerFactory.createStrategyTask(TBScheduleManagerFactory.java:145)
	at com.taobao.pamirs.schedule.strategy.TBScheduleManagerFactory.reRunScheduleServer(TBScheduleManagerFactory.java:254)
	at com.taobao.pamirs.schedule.strategy.TBScheduleManagerFactory.reRegisterManagerFactory(TBScheduleManagerFactory.java:196)
	at com.taobao.pamirs.schedule.strategy.TBScheduleManagerFactory.refresh(TBScheduleManagerFactory.java:183)
	at com.taobao.pamirs.schedule.strategy.ManagerFactoryTimerTask.run(TBScheduleManagerFactory.java:444)
	at java.util.TimerThread.mainLoop(Timer.java:555)
	at java.util.TimerThread.run(Timer.java:505)
2017-02-13 14:59:57.993 ERROR [TBScheduleManagerFactory-Timer] [TBScheduleManagerFactory.java:256] - strategy 对应的配置有问题。strategy name=createDiscountBillTask 
2017-02-13 14:59:58.032 ERROR [TBScheduleManagerFactory-Timer] [TBScheduleManagerFactory.java:154] - strategy 获取对应的java or bean 出错,schedule并没有加载该任务,请确认cubcBillPartnerReceiveBuildTask 
org.springframework.beans.factory.NoSuchBeanDefinitionException: No bean named 'cubcBillPartnerReceiveBuildTask' is defined
	at org.springframework.beans.factory.support.DefaultListableBeanFactory.getBeanDefinition(DefaultListableBeanFactory.java:698)
	at org.springframework.beans.factory.support.AbstractBeanFactory.getMergedLocalBeanDefinition(AbstractBeanFactory.java:1174)
	at org.springframework.beans.factory.support.AbstractBeanFactory.doGetBean(AbstractBeanFactory.java:283)
	at org.springframework.beans.factory.support.AbstractBeanFactory.getBean(AbstractBeanFactory.java:196)
	at org.springframework.context.support.AbstractApplicationContext.getBean(AbstractApplicationContext.java:1045)
	at com.taobao.pamirs.schedule.strategy.TBScheduleManagerFactory.getBean(TBScheduleManagerFactory.java:386)
	at com.taobao.pamirs.schedule.taskmanager.TBScheduleManager.<init>(TBScheduleManager.java:113)
	at com.taobao.pamirs.schedule.taskmanager.TBScheduleManagerStatic.<init>(TBScheduleManagerStatic.java:23)
	at com.taobao.pamirs.schedule.strategy.TBScheduleManagerFactory.createStrategyTask(TBScheduleManagerFactory.java:145)
	at com.taobao.pamirs.schedule.strategy.TBScheduleManagerFactory.reRunScheduleServer(TBScheduleManagerFactory.java:254)
	at com.taobao.pamirs.schedule.strategy.TBScheduleManagerFactory.reRegisterManagerFactory(TBScheduleManagerFactory.java:196)
	at com.taobao.pamirs.schedule.strategy.TBScheduleManagerFactory.refresh(TBScheduleManagerFactory.java:183)
	at com.taobao.pamirs.schedule.strategy.ManagerFactoryTimerTask.run(TBScheduleManagerFactory.java:444)
	at java.util.TimerThread.mainLoop(Timer.java:555)
	at java.util.TimerThread.run(Timer.java:505)
2017-02-13 14:59:58.033 ERROR [TBScheduleManagerFactory-Timer] [TBScheduleManagerFactory.java:256] - strategy 对应的配置有问题。strategy name=cubcBillPartnerReceiveBuildTask 
2017-02-13 14:59:58.064 ERROR [TBScheduleManagerFactory-Timer] [TBScheduleManagerFactory.java:154] - strategy 获取对应的java or bean 出错,schedule并没有加载该任务,请确认cubcCitiBankTask 
org.springframework.beans.factory.NoSuchBeanDefinitionException: No bean named 'cubcCitiBankTask' is defined
	at org.springframework.beans.factory.support.DefaultListableBeanFactory.getBeanDefinition(DefaultListableBeanFactory.java:698)
	at org.springframework.beans.factory.support.AbstractBeanFactory.getMergedLocalBeanDefinition(AbstractBeanFactory.java:1174)
	at org.springframework.beans.factory.support.AbstractBeanFactory.doGetBean(AbstractBeanFactory.java:283)
	at org.springframework.beans.factory.support.AbstractBeanFactory.getBean(AbstractBeanFactory.java:196)
	at org.springframework.context.support.AbstractApplicationContext.getBean(AbstractApplicationContext.java:1045)
	at com.taobao.pamirs.schedule.strategy.TBScheduleManagerFactory.getBean(TBScheduleManagerFactory.java:386)
	at com.taobao.pamirs.schedule.taskmanager.TBScheduleManager.<init>(TBScheduleManager.java:113)
	at com.taobao.pamirs.schedule.taskmanager.TBScheduleManagerStatic.<init>(TBScheduleManagerStatic.java:23)
	at com.taobao.pamirs.schedule.strategy.TBScheduleManagerFactory.createStrategyTask(TBScheduleManagerFactory.java:145)
	at com.taobao.pamirs.schedule.strategy.TBScheduleManagerFactory.reRunScheduleServer(TBScheduleManagerFactory.java:254)
	at com.taobao.pamirs.schedule.strategy.TBScheduleManagerFactory.reRegisterManagerFactory(TBScheduleManagerFactory.java:196)
	at com.taobao.pamirs.schedule.strategy.TBScheduleManagerFactory.refresh(TBScheduleManagerFactory.java:183)
	at com.taobao.pamirs.schedule.strategy.ManagerFactoryTimerTask.run(TBScheduleManagerFactory.java:444)
	at java.util.TimerThread.mainLoop(Timer.java:555)
	at java.util.TimerThread.run(Timer.java:505)
2017-02-13 14:59:58.065 ERROR [TBScheduleManagerFactory-Timer] [TBScheduleManagerFactory.java:256] - strategy 对应的配置有问题。strategy name=cubcCitiBankTask 
2017-02-13 14:59:58.078 ERROR [TBScheduleManagerFactory-Timer] [TBScheduleManagerFactory.java:154] - strategy 获取对应的java or bean 出错,schedule并没有加载该任务,请确认cubcInvoiceClearTemporaryTask 
org.springframework.beans.factory.NoSuchBeanDefinitionException: No bean named 'cubcInvoiceClearTemporaryTask' is defined
	at org.springframework.beans.factory.support.DefaultListableBeanFactory.getBeanDefinition(DefaultListableBeanFactory.java:698)
	at org.springframework.beans.factory.support.AbstractBeanFactory.getMergedLocalBeanDefinition(AbstractBeanFactory.java:1174)
	at org.springframework.beans.factory.support.AbstractBeanFactory.doGetBean(AbstractBeanFactory.java:283)
	at org.springframework.beans.factory.support.AbstractBeanFactory.getBean(AbstractBeanFactory.java:196)
	at org.springframework.context.support.AbstractApplicationContext.getBean(AbstractApplicationContext.java:1045)
	at com.taobao.pamirs.schedule.strategy.TBScheduleManagerFactory.getBean(TBScheduleManagerFactory.java:386)
	at com.taobao.pamirs.schedule.taskmanager.TBScheduleManager.<init>(TBScheduleManager.java:113)
	at com.taobao.pamirs.schedule.taskmanager.TBScheduleManagerStatic.<init>(TBScheduleManagerStatic.java:23)
	at com.taobao.pamirs.schedule.strategy.TBScheduleManagerFactory.createStrategyTask(TBScheduleManagerFactory.java:145)
	at com.taobao.pamirs.schedule.strategy.TBScheduleManagerFactory.reRunScheduleServer(TBScheduleManagerFactory.java:254)
	at com.taobao.pamirs.schedule.strategy.TBScheduleManagerFactory.reRegisterManagerFactory(TBScheduleManagerFactory.java:196)
	at com.taobao.pamirs.schedule.strategy.TBScheduleManagerFactory.refresh(TBScheduleManagerFactory.java:183)
	at com.taobao.pamirs.schedule.strategy.ManagerFactoryTimerTask.run(TBScheduleManagerFactory.java:444)
	at java.util.TimerThread.mainLoop(Timer.java:555)
	at java.util.TimerThread.run(Timer.java:505)
2017-02-13 14:59:58.078 ERROR [TBScheduleManagerFactory-Timer] [TBScheduleManagerFactory.java:256] - strategy 对应的配置有问题。strategy name=cubcInvoiceClearTemporaryTask 
2017-02-13 14:59:58.089 ERROR [TBScheduleManagerFactory-Timer] [TBScheduleManagerFactory.java:154] - strategy 获取对应的java or bean 出错,schedule并没有加载该任务,请确认cubcInvoiceTaxRateTask 
org.springframework.beans.factory.NoSuchBeanDefinitionException: No bean named 'cubcInvoiceTaxRateTask' is defined
	at org.springframework.beans.factory.support.DefaultListableBeanFactory.getBeanDefinition(DefaultListableBeanFactory.java:698)
	at org.springframework.beans.factory.support.AbstractBeanFactory.getMergedLocalBeanDefinition(AbstractBeanFactory.java:1174)
	at org.springframework.beans.factory.support.AbstractBeanFactory.doGetBean(AbstractBeanFactory.java:283)
	at org.springframework.beans.factory.support.AbstractBeanFactory.getBean(AbstractBeanFactory.java:196)
	at org.springframework.context.support.AbstractApplicationContext.getBean(AbstractApplicationContext.java:1045)
	at com.taobao.pamirs.schedule.strategy.TBScheduleManagerFactory.getBean(TBScheduleManagerFactory.java:386)
	at com.taobao.pamirs.schedule.taskmanager.TBScheduleManager.<init>(TBScheduleManager.java:113)
	at com.taobao.pamirs.schedule.taskmanager.TBScheduleManagerStatic.<init>(TBScheduleManagerStatic.java:23)
	at com.taobao.pamirs.schedule.strategy.TBScheduleManagerFactory.createStrategyTask(TBScheduleManagerFactory.java:145)
	at com.taobao.pamirs.schedule.strategy.TBScheduleManagerFactory.reRunScheduleServer(TBScheduleManagerFactory.java:254)
	at com.taobao.pamirs.schedule.strategy.TBScheduleManagerFactory.reRegisterManagerFactory(TBScheduleManagerFactory.java:196)
	at com.taobao.pamirs.schedule.strategy.TBScheduleManagerFactory.refresh(TBScheduleManagerFactory.java:183)
	at com.taobao.pamirs.schedule.strategy.ManagerFactoryTimerTask.run(TBScheduleManagerFactory.java:444)
	at java.util.TimerThread.mainLoop(Timer.java:555)
	at java.util.TimerThread.run(Timer.java:505)
2017-02-13 14:59:58.090 ERROR [TBScheduleManagerFactory-Timer] [TBScheduleManagerFactory.java:256] - strategy 对应的配置有问题。strategy name=cubcInvoiceTaxRateTask 
2017-02-13 14:59:58.104 ERROR [TBScheduleManagerFactory-Timer] [TBScheduleManagerFactory.java:154] - strategy 获取对应的java or bean 出错,schedule并没有加载该任务,请确认cubcSendEmaisTask 
org.springframework.beans.factory.NoSuchBeanDefinitionException: No bean named 'cubcSendEmaisTask' is defined
	at org.springframework.beans.factory.support.DefaultListableBeanFactory.getBeanDefinition(DefaultListableBeanFactory.java:698)
	at org.springframework.beans.factory.support.AbstractBeanFactory.getMergedLocalBeanDefinition(AbstractBeanFactory.java:1174)
	at org.springframework.beans.factory.support.AbstractBeanFactory.doGetBean(AbstractBeanFactory.java:283)
	at org.springframework.beans.factory.support.AbstractBeanFactory.getBean(AbstractBeanFactory.java:196)
	at org.springframework.context.support.AbstractApplicationContext.getBean(AbstractApplicationContext.java:1045)
	at com.taobao.pamirs.schedule.strategy.TBScheduleManagerFactory.getBean(TBScheduleManagerFactory.java:386)
	at com.taobao.pamirs.schedule.taskmanager.TBScheduleManager.<init>(TBScheduleManager.java:113)
	at com.taobao.pamirs.schedule.taskmanager.TBScheduleManagerStatic.<init>(TBScheduleManagerStatic.java:23)
	at com.taobao.pamirs.schedule.strategy.TBScheduleManagerFactory.createStrategyTask(TBScheduleManagerFactory.java:145)
	at com.taobao.pamirs.schedule.strategy.TBScheduleManagerFactory.reRunScheduleServer(TBScheduleManagerFactory.java:254)
	at com.taobao.pamirs.schedule.strategy.TBScheduleManagerFactory.reRegisterManagerFactory(TBScheduleManagerFactory.java:196)
	at com.taobao.pamirs.schedule.strategy.TBScheduleManagerFactory.refresh(TBScheduleManagerFactory.java:183)
	at com.taobao.pamirs.schedule.strategy.ManagerFactoryTimerTask.run(TBScheduleManagerFactory.java:444)
	at java.util.TimerThread.mainLoop(Timer.java:555)
	at java.util.TimerThread.run(Timer.java:505)
2017-02-13 14:59:58.104 ERROR [TBScheduleManagerFactory-Timer] [TBScheduleManagerFactory.java:256] - strategy 对应的配置有问题。strategy name=cubcSendEmaisTask 
2017-02-13 14:59:58.115 ERROR [TBScheduleManagerFactory-Timer] [TBScheduleManagerFactory.java:154] - strategy 获取对应的java or bean 出错,schedule并没有加载该任务,请确认updateBillByOrderChangeTask 
org.springframework.beans.factory.NoSuchBeanDefinitionException: No bean named 'updateBillByOrderChangeTask' is defined
	at org.springframework.beans.factory.support.DefaultListableBeanFactory.getBeanDefinition(DefaultListableBeanFactory.java:698)
	at org.springframework.beans.factory.support.AbstractBeanFactory.getMergedLocalBeanDefinition(AbstractBeanFactory.java:1174)
	at org.springframework.beans.factory.support.AbstractBeanFactory.doGetBean(AbstractBeanFactory.java:283)
	at org.springframework.beans.factory.support.AbstractBeanFactory.getBean(AbstractBeanFactory.java:196)
	at org.springframework.context.support.AbstractApplicationContext.getBean(AbstractApplicationContext.java:1045)
	at com.taobao.pamirs.schedule.strategy.TBScheduleManagerFactory.getBean(TBScheduleManagerFactory.java:386)
	at com.taobao.pamirs.schedule.taskmanager.TBScheduleManager.<init>(TBScheduleManager.java:113)
	at com.taobao.pamirs.schedule.taskmanager.TBScheduleManagerStatic.<init>(TBScheduleManagerStatic.java:23)
	at com.taobao.pamirs.schedule.strategy.TBScheduleManagerFactory.createStrategyTask(TBScheduleManagerFactory.java:145)
	at com.taobao.pamirs.schedule.strategy.TBScheduleManagerFactory.reRunScheduleServer(TBScheduleManagerFactory.java:254)
	at com.taobao.pamirs.schedule.strategy.TBScheduleManagerFactory.reRegisterManagerFactory(TBScheduleManagerFactory.java:196)
	at com.taobao.pamirs.schedule.strategy.TBScheduleManagerFactory.refresh(TBScheduleManagerFactory.java:183)
	at com.taobao.pamirs.schedule.strategy.ManagerFactoryTimerTask.run(TBScheduleManagerFactory.java:444)
	at java.util.TimerThread.mainLoop(Timer.java:555)
	at java.util.TimerThread.run(Timer.java:505)
2017-02-13 14:59:58.115 ERROR [TBScheduleManagerFactory-Timer] [TBScheduleManagerFactory.java:256] - strategy 对应的配置有问题。strategy name=updateBillByOrderChangeTask 
2017-02-13 14:59:58.120 ERROR [TBScheduleManagerFactory-Timer] [TBScheduleManagerFactory.java:154] - strategy 获取对应的java or bean 出错,schedule并没有加载该任务,请确认updateBillByOrderChangeTask 
org.springframework.beans.factory.NoSuchBeanDefinitionException: No bean named 'updateBillByOrderChangeTask' is defined
	at org.springframework.beans.factory.support.DefaultListableBeanFactory.getBeanDefinition(DefaultListableBeanFactory.java:698)
	at org.springframework.beans.factory.support.AbstractBeanFactory.getMergedLocalBeanDefinition(AbstractBeanFactory.java:1174)
	at org.springframework.beans.factory.support.AbstractBeanFactory.doGetBean(AbstractBeanFactory.java:283)
	at org.springframework.beans.factory.support.AbstractBeanFactory.getBean(AbstractBeanFactory.java:196)
	at org.springframework.context.support.AbstractApplicationContext.getBean(AbstractApplicationContext.java:1045)
	at com.taobao.pamirs.schedule.strategy.TBScheduleManagerFactory.getBean(TBScheduleManagerFactory.java:386)
	at com.taobao.pamirs.schedule.taskmanager.TBScheduleManager.<init>(TBScheduleManager.java:113)
	at com.taobao.pamirs.schedule.taskmanager.TBScheduleManagerStatic.<init>(TBScheduleManagerStatic.java:23)
	at com.taobao.pamirs.schedule.strategy.TBScheduleManagerFactory.createStrategyTask(TBScheduleManagerFactory.java:145)
	at com.taobao.pamirs.schedule.strategy.TBScheduleManagerFactory.reRunScheduleServer(TBScheduleManagerFactory.java:254)
	at com.taobao.pamirs.schedule.strategy.TBScheduleManagerFactory.reRegisterManagerFactory(TBScheduleManagerFactory.java:196)
	at com.taobao.pamirs.schedule.strategy.TBScheduleManagerFactory.refresh(TBScheduleManagerFactory.java:183)
	at com.taobao.pamirs.schedule.strategy.ManagerFactoryTimerTask.run(TBScheduleManagerFactory.java:444)
	at java.util.TimerThread.mainLoop(Timer.java:555)
	at java.util.TimerThread.run(Timer.java:505)
2017-02-13 14:59:58.121 ERROR [TBScheduleManagerFactory-Timer] [TBScheduleManagerFactory.java:256] - strategy 对应的配置有问题。strategy name=updateBillByOrderChangeTask 
